<?xml version="1.0" encoding="UTF-8"?>
<!-- Generated by org.testng.reporters.JUnitReportReporter -->
<testsuite skipped="0" hostname="LTPPUN052363123" name="test.GridTest" tests="1" failures="0" timestamp="2020-12-14T16:34:42 IST" time="39.890" errors="0">
  <testcase name="chromeTest" time="39.890" classname="test.GridTest"/>
  <system-out/>
</testsuite> <!-- test.GridTest -->
