<?xml version="1.0" encoding="UTF-8"?>
<!-- Generated by org.testng.reporters.JUnitReportReporter -->
<testsuite skipped="0" hostname="LTPPUN052363123" name="test.NewTest" tests="1" failures="0" timestamp="2020-12-14T10:20:21 IST" time="91.889" errors="0">
  <testcase name="f" time="91.889" classname="test.NewTest"/>
  <system-out/>
</testsuite> <!-- test.NewTest -->
